Mon, 03 Apr 2023 14:24:39 GMT: successfully pushed image with reference bafybeicxp4h7xe2fkmhugqjuz5dzkvse5z6cz3gej5lo4qlji3pdxhqr6u@sha256:3124da2f430a6b104cd78e61dab1d33c025afca27a4dd9eb287bae69bf83ae63
Mon, 03 Apr 2023 22:57:04 GMT: successfully pushed image with reference bafybeigkzdeopreq5cp6noq67l2l7dnkabvtjz5kzvbq4d47ltnncu5rle@sha256:9f4ad62013c1cec3e609c78bbfba95f9d925760b4ddb8a5ddb7e5f2848d24928
Wed, 05 Apr 2023 03:51:26 GMT: successfully pushed image with reference bafybeiac6qjgnox664rnulc2vwyb6ranp4e2frep4uvmur5ric7ph2l5km@sha256:24b06683f9402604dd176852a25276b1654f09936b530752febc53afc60328b1
Wed, 05 Apr 2023 11:13:59 GMT: successfully pushed image with reference bafybeibivlvvnn6jcbvtfn2uw3opmfsta4idxvjov7nfj53vqtheeg4sni@sha256:a554bd8e55ebe72dbe8d2ce365cc781c846c697e667210e9c38cc72385ee9be1
Wed, 05 Apr 2023 14:04:46 GMT: successfully pushed image with reference bafybeigpwh6snrtl4nc5jabscvkeaykn2njuafb6suswtkofhf4ypmmm5a@sha256:f9e5a046f8ae073e0b27b3fb759a8f52fe36af28ac4d91eb556e14c857153d87
Wed, 05 Apr 2023 14:13:08 GMT: successfully pushed image with reference bafybeigpwh6snrtl4nc5jabscvkeaykn2njuafb6suswtkofhf4ypmmm5a@sha256:f9e5a046f8ae073e0b27b3fb759a8f52fe36af28ac4d91eb556e14c857153d87
Wed, 05 Apr 2023 14:17:19 GMT: successfully pushed image with reference bafybeiawy3x3blio7dwa4asxct6ltwh3lvytxudg74qanle36msnalvqgy@sha256:6c43d9aaa9111d6b37bca6d8dbe7e8e1303abfa30ca18b2ef77ff978fe5e3635
Wed, 05 Apr 2023 14:24:09 GMT: successfully pushed image with reference bafybeidwlxljo5y7afwfjkkuyb2rqg6ttrl25diebzp5ltaju6c4bifuxe@sha256:dbfe0b458ea4d8e7dfb7ea1c0fa82855281867e54451c38ab2996961b1accbef
Fri, 07 Apr 2023 10:31:21 GMT: successfully pushed image with reference bafybeidnxcs4u7a3zq6g7olpcppwgu7ybu4psbfzwytdqxseifw6ef4nju@sha256:9aa1b108133680d9749b9394e57af489508a0c0cc59869000729f913a98cd47f
Tue, 11 Apr 2023 18:01:53 GMT: successfully pushed image with reference bafybeiacnadzpefz7rmsgkjsctl4vzn3agt6zd2aychmlex3vqlgpuwbly@sha256:69ac46313c9291160b733155fd5daabe5e36b9346e690b8bafd66d264e9ffd37
Tue, 11 Apr 2023 18:21:22 GMT: successfully pushed image with reference bafybeic7eblqchd5uem3xlich2ypdcc4d7ytuuccolhky6a6ut32svbrfy@sha256:3bebf6fce2cd301982f41820ead976105be55fe5791b6024969c9e67d9fa6663
Tue, 11 Apr 2023 20:41:53 GMT: successfully pushed image with reference bafybeibpiza6bqweukyowws4mwpe2r5dnzdj6qurt5qk5esza6ot57hdvu@sha256:3a00816560545ee351609822d94f9ff12c8e0163a48a40a3a9c1bd82308149a9
Tue, 11 Apr 2023 21:22:07 GMT: successfully pushed image with reference bafybeibpiza6bqweukyowws4mwpe2r5dnzdj6qurt5qk5esza6ot57hdvu@sha256:3a00816560545ee351609822d94f9ff12c8e0163a48a40a3a9c1bd82308149a9
Wed, 12 Apr 2023 09:22:09 GMT: successfully pushed image with reference bafybeif7bwvrsn5y3ivlblvfb4ch23gb2gj7w3lj5vsvkchrmf2237wqse@sha256:bafc0e95a87a1dc6e23edb2d9e9aec3a9e4a159f6a14a323d5d3def106d43b81
Wed, 12 Apr 2023 09:54:27 GMT: successfully pushed image with reference bafybeifxz5n55bc5qprnudklgedawy7l2qjr3zzxk2khmn6xjnv2ruxt3e@sha256:fb511d92004341769c684fd74d713e183d4f1b97e55c12bb15b0d23aac031542
Fri, 14 Apr 2023 03:48:31 GMT: successfully pushed image with reference bafybeidcufe7spanliva42vv5q5wmni4afkxds4ohftfj5mfddlxmjtgnu@sha256:8638c42ae9281f5ae0b8155f05dbf0d0318ce8b9c63bd99accb4611da67c2f8c
Fri, 14 Apr 2023 04:39:32 GMT: successfully pushed image with reference bafybeibq3rtknxlkx5pripewxa6ow6itye72r2jbvn2m4v2fkmppyevsru@sha256:a10e182a65ad928debd44ef5bb8271a017864486164f316d0b2f10b2e3c40794
Fri, 14 Apr 2023 05:05:19 GMT: successfully pushed image with reference bafybeid6f4qs63si3kiwb6hahxka3ggweee2is52fjf4qrwjvyfsnqszki@sha256:c02c7cac41d7066f1a5ce0db27515fe1af5a8a69d9f72424efbbc4aa0ba484c2
Mon, 17 Apr 2023 02:16:34 GMT: successfully pushed image with reference bafybeibzgoyigxgdc7kjadzqwnhkpsto7p2td4hs36suaq7kfbtxt6bgti@sha256:f32dce1f5fb4a64234734c8787febcecd069ec5af8c326a44723f41cb5b588a4
Mon, 17 Apr 2023 02:33:00 GMT: successfully pushed image with reference bafybeigs5wczbjherqkmpp3rhyohiov7ro3j2isq3pfmk2ywmprx56bfkq@sha256:6f9c26aba63c8d3af37f245b66661db4ecdd961bbde0c00ffc451f6dce107be1
Mon, 17 Apr 2023 02:40:07 GMT: successfully pushed image with reference bafybeigxo2oqjo5a4mlx5yorg2oizxlwsndldvazkiazjm5wbmvihvkrdi@sha256:3026ab238fd849108f3a7c7ee0c0517e0ed104ea01458a80e14d2f8ec4f472bf
Mon, 17 Apr 2023 02:43:10 GMT: successfully pushed image with reference bafybeia2ig46j4i2v7qud5jfnlg5zehas3oapefpeseppor7ttdwlgdzr4@sha256:39ef8b793b293ce1207381e552dd70ce3bce8bcfdd8cb888232748fad21ad263
Wed, 19 Apr 2023 09:19:08 GMT: successfully pushed image with reference bafybeid4kd4toki4yqgda7orlvefww3w55zn462gdnm3a6ai444qpjzdui@sha256:7a32b2228081437ebe1fc76bd63a13a76f5a5057120802fca96da7301e0f29e8
